<?xml version="1.0" encoding="UTF-8"?>
<!-- Generated by org.testng.reporters.JUnitXMLReporter -->
<testsuite ignored="0" hostname="DESKTOP-855BLG6" failures="2" tests="8" name="Test1" time="0.229" errors="0" timestamp="2023-08-27T14:41:54 IST">
  <testcase classname="listner.ListnerTestNGP" name="a" time="0.051">
    <failure type="java.lang.AssertionError" message="null">
      <![CDATA[java.lang.AssertionError: null
at listner.ListnerTestNGP.a(ListnerTestNGP.java:16)
at java.base/java.util.ArrayList.forEach(ArrayList.java:1511)
... Removed 27 stack frames]]>
    </failure>
  </testcase> <!-- a -->
  <testcase classname="listner.ListnerTestNGP" name="b" time="0.004"/>
  <testcase classname="listner.ListnerTestNGP" name="c" time="0.006"/>
  <testcase classname="listner.ListnerTestNGP" name="d" time="0.002"/>
  <testcase classname="listner.ListnerTestNGP2" name="p" time="0.003">
    <failure type="java.lang.AssertionError" message="null">
      <![CDATA[java.lang.AssertionError: null
at listner.ListnerTestNGP2.p(ListnerTestNGP2.java:15)
at java.base/java.util.ArrayList.forEach(ArrayList.java:1511)
... Removed 27 stack frames]]>
    </failure>
  </testcase> <!-- p -->
  <testcase classname="listner.ListnerTestNGP2" name="q" time="0.005"/>
  <testcase classname="listner.ListnerTestNGP2" name="r" time="0.004"/>
  <testcase classname="listner.ListnerTestNGP2" name="s" time="0.003"/>
</testsuite> <!-- Test1 -->
