<?xml version="1.0" encoding="UTF-8"?>
<!-- Generated by org.testng.reporters.JUnitXMLReporter -->
<testsuite ignored="0" hostname="DESKTOP-855BLG6" failures="1" tests="4" name="Test2" time="0.018" errors="0" timestamp="2023-08-26T18:18:26 IST">
  <testcase classname="listner.ListnerTestNGP2" name="p" time="0.002">
    <failure type="java.lang.AssertionError" message="null">
      <![CDATA[java.lang.AssertionError: null
at listner.ListnerTestNGP2.p(ListnerTestNGP2.java:15)
at java.base/java.util.ArrayList.forEach(ArrayList.java:1511)
... Removed 27 stack frames]]>
    </failure>
  </testcase> <!-- p -->
  <testcase classname="listner.ListnerTestNGP2" name="q" time="0.001"/>
  <testcase classname="listner.ListnerTestNGP2" name="r" time="0.001"/>
  <testcase classname="listner.ListnerTestNGP2" name="s" time="0.002"/>
</testsuite> <!-- Test2 -->
