<?xml version="1.0" encoding="UTF-8"?>
<testng-results ignored="0" total="3" passed="3" failed="0" skipped="0">
  <reporter-output>
  </reporter-output>
  <suite started-at="2023-07-27T21:34:54 IST" name="Suite" finished-at="2023-07-27T21:37:02 IST" duration-ms="127336">
    <groups>
    </groups>
    <test started-at="2023-07-27T21:34:54 IST" name="Test" finished-at="2023-07-27T21:37:02 IST" duration-ms="127336">
      <class name="online.Flipkart">
        <test-method signature="flipkartTest()[pri:0, instance:online.Flipkart@3a93b025]" started-at="2023-07-27T21:36:27 IST" name="flipkartTest" finished-at="2023-07-27T21:37:02 IST" duration-ms="35150" status="PASS">
          <reporter-output>
          </reporter-output>
        </test-method> <!-- flipkartTest -->
      </class> <!-- online.Flipkart -->
      <class name="online.Amazon">
        <test-method signature="amazonTest()[pri:0, instance:online.Amazon@79e2c065]" started-at="2023-07-27T21:35:59 IST" name="amazonTest" finished-at="2023-07-27T21:36:27 IST" duration-ms="27387" status="PASS">
          <reporter-output>
          </reporter-output>
        </test-method> <!-- amazonTest -->
      </class> <!-- online.Amazon -->
      <class name="online.Ajio">
        <test-method signature="ajioTest()[pri:0, instance:online.Ajio@6ae5aa72]" started-at="2023-07-27T21:34:55 IST" name="ajioTest" finished-at="2023-07-27T21:35:59 IST" duration-ms="64637" status="PASS">
          <reporter-output>
          </reporter-output>
        </test-method> <!-- ajioTest -->
      </class> <!-- online.Ajio -->
    </test> <!-- Test -->
  </suite> <!-- Suite -->
</testng-results>
