<?xml version="1.0" encoding="UTF-8"?>
<testng-results ignored="0" total="1" passed="1" failed="0" skipped="0">
  <reporter-output>
    <line>
      <![CDATA[opening ajio]]>
    </line>
  </reporter-output>
  <suite started-at="2025-02-03T11:13:13 IST" name="Default suite" finished-at="2025-02-03T11:13:24 IST" duration-ms="11640">
    <groups>
      <group name="Regression">
        <method signature="Ajio.ajioTest()[pri:0, instance:online.Ajio@6d763516]" name="ajioTest" class="online.Ajio"/>
      </group> <!-- Regression -->
    </groups>
    <test started-at="2025-02-03T11:13:13 IST" name="Default test" finished-at="2025-02-03T11:13:24 IST" duration-ms="11640">
      <class name="online.Ajio">
        <test-method signature="ajioTest()[pri:0, instance:online.Ajio@6d763516]" started-at="2025-02-03T11:13:13 IST" name="ajioTest" finished-at="2025-02-03T11:13:24 IST" duration-ms="11518" status="PASS">
          <reporter-output>
            <line>
              <![CDATA[opening ajio]]>
            </line>
          </reporter-output>
        </test-method> <!-- ajioTest -->
      </class> <!-- online.Ajio -->
    </test> <!-- Default test -->
  </suite> <!-- Default suite -->
</testng-results>
